{
  "stats": {
    "suites": 1,
    "tests": 3,
    "passes": 3,
    "pending": 0,
    "failures": 0,
    "start": "2020-10-08T15:04:27.964Z",
    "end": "2020-10-08T15:04:28.281Z",
    "duration": 317,
    "testsRegistered": 3,
    "passPercent": 100,
    "pendingPercent": 0,
    "other": 0,
    "hasOther": false,
    "skipped": 0,
    "hasSkipped": false
  },
  "results": [
    {
      "uuid": "4bb9cb5b-4e12-41ff-a81e-5d2ef480308c",
      "title": "",
      "fullFile": "",
      "file": "",
      "beforeHooks": [],
      "afterHooks": [
        {
          "title": "\"after each\" hook: ret in \"{root}\"",
          "fullTitle": "\"after each\" hook: ret in \"{root}\"",
          "timedOut": false,
          "duration": 0,
          "state": null,
          "speed": null,
          "pass": false,
          "fail": false,
          "pending": false,
          "context": null,
          "code": "if (hooks.afterEach) { \n  return hooks.afterEach();\n}",
          "err": {},
          "uuid": "ce7edf3a-cc1d-4efb-94ba-9f2a5c04a6cf",
          "parentUUID": "4bb9cb5b-4e12-41ff-a81e-5d2ef480308c",
          "isHook": true,
          "skipped": false
        }
      ],
      "tests": [],
      "suites": [
        {
          "uuid": "fec0c81d-e873-45db-9918-cfb87e8eba17",
          "title": "/GET - JSON API",
          "fullFile": "C:\\javascript\\protractor-supertest\\specs\\api.spec.js",
          "file": "\\specs\\api.spec.js",
          "beforeHooks": [
            {
              "title": "\"before all\" hook: ret in \"/GET - JSON API\"",
              "fullTitle": "/GET - JSON API \"before all\" hook: ret in \"/GET - JSON API\"",
              "timedOut": false,
              "duration": 302,
              "state": null,
              "speed": null,
              "pass": false,
              "fail": false,
              "pending": false,
              "context": null,
              "code": "res = await request.get(endPoint.user);",
              "err": {},
              "uuid": "5692c1d9-b062-4ddc-a162-120b5f55d045",
              "parentUUID": "fec0c81d-e873-45db-9918-cfb87e8eba17",
              "isHook": true,
              "skipped": false
            }
          ],
          "afterHooks": [],
          "tests": [
            {
              "title": "Test to verify a http status code",
              "fullTitle": "/GET - JSON API Test to verify a http status code",
              "timedOut": false,
              "duration": 2,
              "state": "passed",
              "speed": "fast",
              "pass": true,
              "fail": false,
              "pending": false,
              "context": null,
              "code": "console.log(1)\nexpect(res.status).to.equal(200)",
              "err": {},
              "uuid": "51f2176f-b6f7-4f65-8d35-de69040db964",
              "parentUUID": "fec0c81d-e873-45db-9918-cfb87e8eba17",
              "isHook": false,
              "skipped": false
            },
            {
              "title": "Test to verify a http response header",
              "fullTitle": "/GET - JSON API Test to verify a http response header",
              "timedOut": false,
              "duration": 2,
              "state": "passed",
              "speed": "fast",
              "pass": true,
              "fail": false,
              "pending": false,
              "context": null,
              "code": "console.log(2)\nexpect(res.headers).to.have.property(\"content-type\");\nexpect(res.headers[\"content-type\"]).to.equal(\"application/json; charset=utf-8\");",
              "err": {},
              "uuid": "5ef69be2-36c9-4ce9-8696-5cc63d565518",
              "parentUUID": "fec0c81d-e873-45db-9918-cfb87e8eba17",
              "isHook": false,
              "skipped": false
            },
            {
              "title": "test to verify a http response body",
              "fullTitle": "/GET - JSON API test to verify a http response body",
              "timedOut": false,
              "duration": 2,
              "state": "passed",
              "speed": "fast",
              "pass": true,
              "fail": false,
              "pending": false,
              "context": null,
              "code": "console.log(3)\nexpect(res.body).to.have.lengthOf(10);",
              "err": {},
              "uuid": "619156fe-29f6-4f28-a6e7-cfe2ca371fb0",
              "parentUUID": "fec0c81d-e873-45db-9918-cfb87e8eba17",
              "isHook": false,
              "skipped": false
            }
          ],
          "suites": [],
          "passes": [
            "51f2176f-b6f7-4f65-8d35-de69040db964",
            "5ef69be2-36c9-4ce9-8696-5cc63d565518",
            "619156fe-29f6-4f28-a6e7-cfe2ca371fb0"
          ],
          "failures": [],
          "pending": [],
          "skipped": [],
          "duration": 6,
          "root": false,
          "rootEmpty": false,
          "_timeout": 30000
        }
      ],
      "passes": [],
      "failures": [],
      "pending": [],
      "skipped": [],
      "duration": 0,
      "root": true,
      "rootEmpty": true,
      "_timeout": 30000
    }
  ],
  "meta": {
    "mocha": {
      "version": "8.1.3"
    },
    "mochawesome": {
      "options": {
        "quiet": false,
        "reportFilename": "mochawesome",
        "saveHtml": true,
        "saveJson": true,
        "consoleReporter": "spec",
        "useInlineDiffs": false,
        "code": true
      },
      "version": "6.1.1"
    },
    "marge": {
      "options": {
        "reportDir": "reports",
        "overwrite": true,
        "inlineAssets": true,
        "reportPageTitle": "E2E Test Reports",
        "reportTitle": "E2E Test Reports"
      },
      "version": "5.1.0"
    }
  }
}